<?xml version="1.0" encoding="UTF-8"?>
<!-- Generated by org.testng.reporters.JUnitXMLReporter -->
<testsuite ignored="0" hostname="DS-231" failures="1" tests="2" name="chromeBrowserTesting" time="21.593" errors="0" timestamp="2021-11-30T23:22:43 IST">
  <testcase classname="testCases.verifyUser" name="checkReport" time="0.029"/>
  <testcase classname="testCases.verifyUser" name="confirmUsername" time="0.096">
    <failure type="java.lang.NullPointerException" message="Cannot invoke &amp;quot;org.openqa.selenium.WebElement.getText()&amp;quot; because &amp;quot;Pages.ManageEmployees.userProfile&amp;quot; is null">
      <![CDATA[java.lang.NullPointerException: Cannot invoke "org.openqa.selenium.WebElement.getText()" because "Pages.ManageEmployees.userProfile" is null
at Pages.ManageEmployees.checkUserprofile(ManageEmployees.java:26)
at testCases.verifyUser.confirmUsername(verifyUser.java:59)
at java.base/java.util.ArrayList.forEach(ArrayList.java:1511)
... Removed 27 stack frames]]>
    </failure>
  </testcase> <!-- confirmUsername -->
</testsuite> <!-- chromeBrowserTesting -->
